    code  logKa      score
1    3wz8   5.82  45.592599
2    3pww   7.32  33.237892
3    3prs   7.82  31.002181
4    3uri   9.00  58.604882
5    4m0y   6.46  47.978875
6    3qgy   7.80  34.812638
7    4qd6   8.64  49.651396
8    4rfm  10.05  47.538910
9    4cra   7.22  27.603165
10   4crc   8.72  41.504023
11   4ty7   9.52  30.381997
12   2c3i   7.60  25.878387
13   4k18   8.96  27.546975
14   3mss   4.66  23.772989
15   3k5v   6.30  32.611734
16   3pyy   6.86  29.289460
17   3u8k   8.66  25.538424
18   1a30   4.30  54.249237
19   2qnq   6.11  26.160124
20   1g2k   7.96  27.581944
21   3o9i  11.82  25.553155
22   4lzs   4.80  26.871157
23   3u5j   5.61  30.558319
24   4ogj   6.79  27.506169
25   2vvn   7.30  39.985144
26   3arq   6.40  63.308982
27   4ih5   4.11  46.599128
28   4eo8   8.15  32.052705
29   3gnw   9.10  37.150628
30   1gpk   5.37  30.032543
31   1gpn   6.48  38.189726
32   1h23   8.35  26.818122
33   1h22   9.10  17.655758
34   2cbv   5.48  45.965221
35   2j78   6.42  47.731847
36   2j7h   7.19  51.540186
37   2cet   8.02  59.254753
38   3rsx   4.41  50.454648
39   4djv   6.72  21.039571
40   2vkm   8.74  11.079957
41   4gid  10.77  10.348343
42   4jfs   5.27  57.230514
43   4j28   5.70  35.731356
44   2zb1   6.32  26.772123
45   3gv9   2.12  25.834294
46   4kz6   3.10  48.321991
47   4jxs   4.74  45.737033
48   1bzc   4.92  42.320688
49   4ddk   2.29  25.000078
50   4ddh   3.32  38.514279
51   3ivg   4.30  30.275457
52   3coz   5.57  32.099829
53   3coy   6.02  26.671704
54   2xnb   6.83  33.054310
55   1pxn   7.15  31.430204
56   2fvd   8.52  34.118757
57   2brb   4.86  54.697652
58   2br1   5.14  40.660220
59   3jvr   5.72  51.132929
60   3jvs   6.54  43.351088
61   1nvq   8.25  33.865055
62   3acw   4.76  31.957376
63   2zy1   7.40  15.093281
64   1bcu   3.28  47.491042
65   3bv9   5.36  22.829730
66   1oyt   7.24  38.442339
67   2zda   8.40  30.254242
68   3u9q   4.38  25.023643
69   3uo4   6.52  24.456765
70   3up2   7.40  25.779742
71   3myg  10.70  48.607992
72   3kgp   2.57  35.291043
73   1owh   7.40  34.352983
74   2xdl   3.10  39.958741
75   1yc1   6.17  30.045370
76   3rlr   7.52  33.918366
77   2yki   9.46  28.848415
78   1z95   7.12  26.389452
79   3b68   8.40  50.863952
80   3b5r   8.77  33.586174
81   3b65   9.27  27.174690
82   3g0w   9.52  28.524132
83   1syi   5.44  49.969317
84   1p1n   6.80  32.391540
85   2al5   8.40  47.961849
86   4dld   5.82  51.596630
87   3gbb   6.90  29.738856
88   2qe4   7.96  22.067581
89   2pog   9.54  16.113254
90   2p15  10.30  34.172776
91   2y5h   5.79  24.100054
92   1lpg   7.09  35.064700
93   2xbv   8.43  21.503405
94   1z6e   9.72  28.847405
95   1mq6  11.15  28.406446
96   4f2w  11.30  22.865499
97   4f3c  11.82  26.818741
98   1uto   2.27  45.901019
99   4abg   3.57  39.530423
100  3gy4   5.10  56.664433
101  1k1i   6.58  42.422780
102  1o3f   7.96  46.916635
103  2iwx   6.68  14.717894
104  2vw5   8.52  25.351505
105  3zt2   2.84  23.494589
106  3zsx   3.28  33.668391
107  3ueu   5.24  35.855272
108  3uew   6.31  33.364682
109  1w4o   5.22  46.917672

Summary of the scoring power: ===================================
The regression equation: logKa = -0.05 + 8.49 * Score
Number of favorable sample (N) = 109
Pearson correlation coefficient (R) = -0.248
Standard deviation in fitting (SD) = 2.12
=================================================================

Template command for running the bootstrap in R program==========

rm(list=ls());
require(boot);
data_all<-read.table("X-Score_processed_score",header=TRUE);
aa<-c(1:nrow(data_all));

mycore<-function(x,indices)
{
data_1<-matrix(NA,109,2);
for(i in 1:109);
    {
        data_1[i,1]=data_all[x[indices][i],2];
        data_1[i,2]=data_all[x[indices][i],3];
    }
        data_2<-data.frame(data_1);
        names(data_2)<-c("a","b");
        cor(data_2$a,data_2$b);
};

data.boot<-boot(aa,mycore,R=10000,stype="i",sim="ordinary");
sink("X-Score-ci.results");
a<-boot.ci(data.boot,conf=0.9,type=c("bca"));
print(a);
sink();

=================================================================
