   Target     1     2     3     4     5     6     7     8     9    10    11  \
1    5c2h                                                                     
2    3uri  3uri  3ag9  3prs  2vkm  3zso  3pww  4gid  4gr0  4crc  2qnq  1eby   
3    4rfm  3ag9  3uri  3prs  4gr0  4qd6  2vkm  3e5a  3tsk  3bv9  4crc  1u1b   
4    4ty7  3ag9  3uri  4gr0  3myg  4x6p  2qnq  3prs  2vkm  4crc  4qd6  3bv9   
5    4agq                                                                     
6    5dwr  3uri  3prs  3ag9  2qnq  4gid  4x6p  3pww  3zso  4crc  1u1b  3tsk   
7    4twp  3uri  3ag9  3prs  2qnq  3utu  1eby  3e5a  4x6p  4gr0  3zso  4crc   
8    3u8n  3uri  3ag9  1g2k  3prs  4gr0  2qnq  4qd6  3pww  3zso  4gid  1eby   
9    3o9i  3uri  3ag9  4w9l  3prs  2qnq  1u1b  4gr0  1eby  1g2k  4crc  3pww   
10   3p5o  3uri  3prs  3ag9  1eby  4gr0  2qnq  1u1b  4gid  3p5o  3fur  1g2k   
11   3ejr                                                                     
12   3ebp  3ag9  3uri  3prs  3e5a  4qd6  3fur  3utu  1ydt  4x6p  4gid  4twp   
13   2vvn  3uri  4x6p  3ag9  3gnw  4gid  2p4y  1z6e  2qnq  2v7a  5dwr  4ty7   
14   3arp  3uri  3ag9  4crc  2vkm  3prs  2qnq  3zso  4gr0  1eby  3bv9  1lpg   
15   3gnw  3uri  3ag9  3prs  4x6p  4crc  4gr0  2vkm  4qd6  4cra  4gid  3tsk   
16   1e66  3uri  3ag9  3prs  4gr0  4x6p  1u1b  4gid  4crc  3zso  3pww  2qnq   
17   3f3e  3uri  3ag9  3prs  4gr0  3pww  4x6p  4crc  4gid  2qnq  1eby  1u1b   
18   2cet  3ag9  3uri  3prs  4gr0  3pww  2vkm  4crc  4gid  4x6p  1u1b  3zso   
19   4gid  4w9l  4w9c  2qbq  4w9h  3coy  1u1b  3uri  3myg  3ag9  4eo8  2y5h   
20   4pcs  3ag9  3uri  2qnq  4ty7  4tmn  4x6p  3pww  4gr0  3bv9  3prs  3o9i   
21   3ge7                                                                     
22   3e93  3uri  3ag9  3prs  1u1b  3utu  4gid  4qd6  4gr0  4crc  2qnq  4tmn   
23   3qqs                                                                     
24   2r9w  3uri  3ag9  3prs  4gr0  3pww  4crc  2vkm  4x6p  1u1b  2xbv  3utu   
25   2qbp  3uri  4gr0  3ag9  3prs  4gid  4x6p  4crc  1u1b  3bv9  3myg  3pww   
26   3ag9  3uri  3ag9  3prs  4gr0  1u1b  1g2k  4x6p  3pww  4crc  2yki  2vkm   
27   4tmn                                                                     
28   3coy  3uri  3ag9  3prs  4gr0  4crc  4x6p  2vkm  4qd6  4gid  1u1b  3pww   
29   2fvd  3uri  3ag9  4gid  3prs  1u1b  4x6p  2qnq  4gr0  3pww  3zso  4qd6   
30   4ivc  3uri  3ag9  4gr0  3prs  4x6p  2qnq  4crc  1u1b  4qd6  1eby  3pww   
31   4jia  3uri  3ag9  3prs  4gr0  2qnq  1u1b  4x6p  2vkm  3fur  4gid  3pww   
32   1nvq  3uri  3ag9  4gr0  3pww  3prs  4x6p  1g2k  3zso  4crc  2qnq  4gid   
33   2zcq                                                                     
34   3utu  3uri  4w9l  3ag9  3zso  3fur  4x6p  3prs  3tsk  4crc  4qd6  2qbq   
35   2p4y  3uri  3ag9  3prs  4x6p  4gr0  2vkm  2qnq  3pww  4gid  1u1b  3bv9   
36   3myg  3uri  3ag9  4crc  3prs  4gr0  2yki  3fur  1eby  2qnq  1z6e  1g2k   
37   1sqa  3uri  4gr0  4x6p  3ag9  1eby  4crc  4jia  2p4y  2qnq  4ty7  3prs   
38   3dd0                                                                     
39   2yki  3uri  3ag9  3prs  4gr0  4gid  3utu  4crc  1eby  1u1b  4x6p  2yki   
40   3g0w  3uri  3ag9  3prs  4gr0  4x6p  4qd6  2vkm  4crc  2qnq  1eby  3pww   
41   2al5  3uri  3ag9  3prs  4gr0  1u1b  3zso  4gid  2vkm  4x6p  3o9i  4crc   
42   4de1  3ag9  3prs  3uri  3pww  1u1b  4gr0  4crc  4gid  3fur  3utu  3tsk   
43   3fv1  3uri  3ag9  3prs  4gr0  4crc  1eby  2qnq  4gid  4x6p  1u1b  3zso   
44   2p15  3uri  3ag9  3prs  4gr0  1g2k  2qnq  3pww  2vkm  1u1b  1eby  4gid   
45   1mq6  3uri  4gr0  4crc  3prs  3myg  3fur  1u1b  3ag9  4gid  2qnq  4x6p   
46   4f3c  3uri  3ag9  3prs  4gid  3zso  4x6p  2p4y  3o9i  4qd6  2v7a  1eby   
47   1o3f  3ag9  3uri  4x6p  4gr0  3pww  3prs  4jia  4crc  4qd6  4gid  1u1b   
48   2vw5  3uri  3ag9  3prs  4gr0  4crc  4w9l  4x6p  2qnq  1u1b  3pww  2vkm   
49   3kr8                                                                     
50   2x00  3ag9  3uri  4gid  3prs  3pww  1u1b  3zso  4qd6  4gr0  1g2k  3e93   
51   3zso  3uri  3ag9  2qnq  1u1b  4gid  4x6p  3prs  2vkm  4gr0  4tmn  3utu   
52   2xb8  3uri  3ag9  3prs  1u1b  2vkm  4gid  1eby  4gr0  4crc  3zso  3pww   
53   4w9h  3fur  3uri  3ag9  4qd6  1ydt  4gr0  3prs  2vkm  4x6p  4gid  3wz8   
54   3uex  3ag9  3prs  3uri  4gr0  2qnq  4x6p  4gid  3utu  4qd6  4crc  1g2k   
55   4gr0                                                                     
56   1u1b  3ag9  3pww  3prs  4gr0  3uri  1u1b  4gid  2vkm  3tsk  3utu  3e93   

      12    13    14    15    16    17    18    19    20    21    22    23  \
1                                                                            
2   4x6p  4qd6  3bv9  1g2k  3o9i  3e93  2qbp  3wz8  2yki  3e5a  3utu  2p4y   
3   1z6e  3zso  3fur  2qbp  2v7a  2xbv  1mq6  4jia  3myg  3o9i  2qnq  3gnw   
4   3e5a  3fur  2brb  3k5v  2p4y  4ty7  4tmn  1g2k  1eby  4gid  5a7b  1u1b   
5                                                                            
6   2p4y  2vkm  4ty7  1eby  4tmn  4qd6  3e5a  4gr0  3bv9  2qbp  3o9i  3wz8   
7   3bv9  3pww  4gid  2vkm  4qd6  1g2k  3fur  3myg  1u1b  2yki  4tmn  4w9l   
8   3utu  2vkm  3e5a  1lpg  4crc  4x6p  3tsk  1u1b  3bv9  2yki  3o9i  3fur   
9   3bv9  4x6p  4gid  3gnw  3zso  3myg  2qbq  4tmn  3utu  3o9i  2vkm  4w9h   
10  3utu  1lpg  1nvq  1z6e  2vkm  3tsk  4ty7  4qd6  3o9i  4x6p  4cig  3zso   
11                                                                           
12  2qnq  4crc  4gr0  3zso  1u1b  2yki  3tsk  5a7b  1eby  4tmn  1nvq  1g2k   
13  4gr0  1u1b  1nvq  3zsx  2wtv  3fur  3pww  4qd6  3prs  3oe4  2vkm  4jia   
14  4x6p  1g2k  1z6e  4cra  4gid  1u1b  2xbv  4ty7  3o9i  3e93  3jvr  4rfm   
15  3utu  3pww  3bv9  1eby  3myg  1z6e  1u1b  3o9i  3zso  1g2k  3e93  2xbv   
16  3utu  1eby  2vkm  4w9l  1g2k  4qd6  3gnw  3tsk  3fur  2yki  1ydt  3myg   
17  2vkm  3zso  3utu  3tsk  3bv9  4tmn  1g2k  4qd6  4w9l  3o9i  3gnw  4ty7   
18  3utu  1eby  4cra  4ty7  4qd6  1g2k  4tmn  3tsk  2yki  1ydt  1h23  3fur   
19  3prs  2p15  4rfm  4gr0  3gnw  2vkm  3ary  4gid  4x6p  3b1m  3pww  1eby   
20  1lpg  3utu  1eby  4cig  4gid  3fur  2yki  4crc  2vkm  1u1b  3gnw  4w9l   
21                                                                           
22  4x6p  1eby  3bv9  3fur  3o9i  3pww  3zso  3gnw  2vkm  1g2k  1mq6  3myg   
23                                                                           
24  4gid  2qnq  4qd6  1g2k  3fur  1eby  1lpg  1z6e  2yki  4agq  3tsk  2p4y   
25  4w9l  1g2k  2vkm  2qbp  1lpg  2yki  2qbq  2wtv  3tsk  4qd6  3zso  1eby   
26  3o9i  4w9l  4gid  3utu  2qnq  3wz8  1ydt  1eby  4tmn  3gnw  3tsk  3myg   
27                                                                           
28  2qnq  1eby  3tsk  3utu  4w9l  1g2k  3bv9  3zso  3fur  1h23  2qbp  1lpg   
29  2vkm  3utu  4crc  1g2k  3fur  1eby  3tsk  3bv9  1ydt  2yki  4tmn  4w9l   
30  3zso  3o9i  3utu  4w9l  1g2k  2vkm  3fur  3tsk  4gid  3gnw  3bv9  4tmn   
31  3utu  3zso  4crc  3tsk  4ty7  1eby  3arp  4qd6  2yki  1g2k  3gnw  4cra   
32  2vkm  3tsk  3e5a  4qd6  1u1b  3bv9  3utu  1eby  2yki  1h23  3o9i  3myg   
33                                                                           
34  2qbp  1eby  2qnq  4gr0  3myg  1h23  1ydt  4twp  4gid  3e93  3o9i  4tmn   
35  1g2k  4crc  1h23  1eby  3o9i  4qd6  3fur  3tsk  3zso  1lpg  3e5a  4cra   
36  2vkm  4x6p  2v7a  3zso  1u1b  2qbp  4ty7  3myg  4gid  1h23  4w9l  3utu   
37  4qd6  3fur  3myg  3pww  1ydt  3bv9  4gid  1u1b  3tsk  4hge  4tmn  1g2k   
38                                                                           
39  3pww  4w9l  4qd6  2qnq  3fur  2qbp  2p4y  2vkm  3o9i  3tsk  1g2k  3zso   
40  4gid  1u1b  3zso  1g2k  3fur  3utu  3bv9  1lpg  3e5a  4ty7  3o9i  2qbp   
41  3utu  2qnq  1eby  3gnw  1g2k  3pww  3bv9  4qd6  3tsk  1z6e  4tmn  2yge   
42  4x6p  1eby  4qd6  3e93  2qbp  1h22  1z6e  2vkm  4jia  3zso  1lpg  3e5a   
43  2vkm  3utu  3pww  1g2k  3o9i  2yki  3bv9  3tsk  4ty7  1lpg  2p4y  4tmn   
44  4crc  3gnw  4x6p  4tmn  3bv9  3zso  4qd6  3utu  2p4y  1h23  3o9i  2yge   
45  4w9l  3pww  4tmn  3utu  3bv9  4qd6  3e5a  3zso  3tsk  4jia  3wtj  5a7b   
46  4crc  3pww  4twp  3gnw  4w9l  2qnq  1g2k  3fur  4ty7  4gr0  2yki  2vkm   
47  3e5a  2yki  1ydt  1g2k  3myg  3fur  3utu  2qnq  1lpg  2vkm  3zso  2qbp   
48  3utu  3zso  4gid  3tsk  1eby  4tmn  3e5a  1g2k  3bv9  4qd6  3gnw  3fur   
49                                                                           
50  4crc  4ty7  1eby  2qnq  2vkm  4x6p  1mq6  3o9i  1k1i  2xbv  3tsk  3utu   
51  4cig  3pww  1eby  4qd6  3e5a  4w9l  2yki  5a7b  5c2h  1z6e  3zso  1g2k   
52  2qnq  1g2k  4x6p  3utu  4w9l  3bv9  3tsk  2yki  3o9i  4qd6  4tmn  3gnw   
53  4crc  2qbp  4tmn  3utu  1mq6  3myg  4de3  1u1b  3tsk  3p5o  2p4y  2yki   
54  1eby  3tsk  3pww  3zso  2yki  4w9l  3fur  4twp  1z6e  2vkm  1u1b  3gnw   
55                                                                           
56  3bv9  1h23  3myg  3zso  4qd6  4x6p  2wtv  3wz8  1sqa  4w9l  4crc  1lpg   

      24    25    26    27    28    29  
1                                       
2   3fur  1mq6  1u1b  1lpg  3gnw  3tsk  
3   3pww  2yki  4gid  3wz8  1eby  4x6p  
4   3uuo  3pww  3arp  4jia  2v7a  3p5o  
5                                       
6   2yki  1g2k  1h23  4cra  3utu  4jia  
7   4cra  3gnw  3o9i  1mq6  2qbp  4ty7  
8   2p4y  3gnw  4w9l  4ty7  4cra  4tmn  
9   4qd6  4ty7  3fur  1nvq  2yki  1mq6  
10  4crc  1h23  3oe5  4tmn  2p4y  2qbr  
11                                      
12  3o9i  3myg  2qbp  4ty7  2p4y  1h22  
13  1eby  3nw9  4e6q  3tsk  1h22  4crc  
14  2yki  2p4y  1h23  4twp  3arp  3b1m  
15  3wz8  4tmn  2qnq  2yki  2p4y  5a7b  
16  3bv9  1lpg  3arp  3o9i  1h23  4tmn  
17  3fur  3e5a  1lpg  2qbp  4cra  1mq6  
18  2qnq  5c2h  1lpg  2p4y  3bv9  3e93  
19  4crc  1nvq  3utu  3fur  1w4o  2qnq  
20  3e5a  3tsk  4jia  3zsx  2yge  3oe4  
21                                      
22  2qbp  2wtv  2p4y  4ty7  1z6e  4cra  
23                                      
24  3bv9  2qbp  3zso  4ty7  4ogj  3nw9  
25  3o9i  3utu  2v7a  2qnq  3fur  2xbv  
26  4cra  4ty7  3fur  4hge  2qbq  2wtv  
27                                      
28  3o9i  4tmn  3e5a  4cra  1z6e  4ty7  
29  1lpg  2p4y  2qbp  1h23  4ty7  3zsx  
30  3myg  1ydt  1z6e  2p4y  1h23  2xbv  
31  1z6e  3bv9  1h23  3e5a  4tmn  3wz8  
32  1lpg  4ty7  3gnw  3fur  4w9l  3wz8  
33                                      
34  3bv9  1u1b  2qbr  1mq6  1z6e  1qf1  
35  3utu  2qbp  4tmn  3wz8  4ty7  2yki  
36  1lpg  3bv9  1nvq  4jia  1mq6  3e5a  
37  1lpg  2br1  2qbp  5tmn  4de3  3utu  
38                                      
39  1z6e  4tmn  3e5a  3bv9  3myg  3e93  
40  3tsk  4tmn  2yki  2p4y  3p5o  4w9l  
41  2yki  2p4y  4ty7  2qbp  3e93  4w9l  
42  1g2k  2yki  4rfm  4ogj  2xbv  4cig  
43  3fur  3gnw  3e5a  4qd6  3myg  1z6e  
44  1lpg  4w9l  2yki  3tsk  1h22  3fur  
45  1ydt  2y5h  3oe5  5c2h  1mq6  2vkm  
46  3myg  3e5a  4cig  1mq6  5dwr  1z6e  
47  1nvq  2v7a  4w9l  3oe5  4de3  1mq6  
48  1z6e  1mq6  2xbv  3wz8  3o9i  2yki  
49                                      
50  1lpg  1z6e  3gnw  2yki  3bv9  2qbp  
51  4hge  2p4y  3fur  4crc  3bv9  1lpg  
52  3arp  2p4y  3e5a  2qbp  3fur  4cra  
53  3arp  4agq  3zso  3jvr  2v7a  4cra  
54  1ydt  3myg  4ty7  2p4y  4tmn  1mq6  
55                                      
56  3gnw  1eby  2fxs  3fur  4cig  2yki  

Summary of the forward screening power: =========================================================
Average enrichment factor among top 1% = 1.01
Average enrichment factor among top 5% = 1.21
Average enrichment factor among top 10% = 1.19
The best ligand is found among top 1% candidates for  2 cluster(s); success rate = 3.6%
The best ligand is found among top 5% candidates for  6 cluster(s); success rate = 10.7%
The best ligand is found among top 10% candidates for 13 cluster(s); success rate = 23.2%
================================================================================================

Template command for running the bootstrap in R program=========================================

rm(list=ls());
require(boot);
data_all<-read.table("genscore_eval_Top1.results",header=TRUE);
data<-as.matrix(data_all[,2]);
mymean<-function(x,indices) sum(x[indices])/56;
data.boot<-boot(aa,mymean,R=10000,stype="i",sim="ordinary");
sink("genscore_eval_Top1-ci.results");
a<-boot.ci(data.boot,conf=0.9,type=c("bca"));
print(a);
sink();

===============================================================================================

