   Target     1     2     3     4     5     6     7     8     9    10    11  \
1    5c2h                                                                     
2    3uri  3uri  3ag9  1eby  3prs  2vkm  1g2k  4gid  3o9i  3pww  2qnq  3gnw   
3    4rfm  3uri  4gid  3prs  3ag9  3bv9  2vkm  3pww  2qnq  3tsk  4crc  3wz8   
4    4ty7  3uri  3ag9  2vkm  3prs  4crc  2qnq  4qd6  3e93  3bv9  1g2k  3myg   
5    4agq                                                                     
6    5dwr  3uri  3prs  3ag9  4gid  2vkm  1eby  3pww  1u1b  3o9i  2qnq  3bv9   
7    4twp  3uri  1g2k  3ag9  3prs  3bv9  1eby  3utu  2vkm  3gnw  4gid  3zso   
8    3u8n  3uri  3ag9  3prs  3zso  1eby  2vkm  3pww  1g2k  4gid  1u1b  1lpg   
9    3o9i  3uri  3ag9  3prs  3bv9  1eby  1g2k  4gid  1u1b  2vkm  2qnq  3pww   
10   3p5o  3uri  1u1b  3ag9  3prs  1eby  4gid  3o9i  1lpg  3utu  4qd6  3zso   
11   3ejr                                                                     
12   3ebp  3uri  3ag9  3prs  4gid  3utu  1g2k  1eby  3e5a  1u1b  4qd6  2vkm   
13   2vvn  1u1b  3gnw  2qnq  3uri  4gid  3bv9  2p4y  3oe4  3zsx  5dwr  3ag9   
14   3arp  3uri  3ag9  2qnq  3prs  1eby  2vkm  1lpg  1g2k  4gid  4crc  3pww   
15   3gnw  3uri  3ag9  3prs  4crc  4gid  1g2k  2vkm  1lpg  1u1b  1eby  3pww   
16   1e66  3uri  3ag9  1eby  3prs  2vkm  3pww  4gid  3gnw  1g2k  3utu  3o9i   
17   3f3e  3uri  3ag9  3prs  2vkm  4gid  1eby  3pww  3bv9  1g2k  1u1b  4qd6   
18   2cet  3ag9  3uri  3prs  2vkm  1g2k  4gid  4gr0  3o9i  2qnq  1eby  1u1b   
19   4gid  3uri  3ag9  4gid  2vkm  3prs  1u1b  1eby  3utu  3zso  3o9i  3pww   
20   4pcs  3ag9  3uri  1eby  2qnq  2vkm  3pww  3o9i  3prs  4tmn  4gid  3bv9   
21   3ge7                                                                     
22   3e93  3uri  3ag9  3prs  4gid  1eby  2vkm  2qnq  3o9i  3utu  3pww  1g2k   
23   3qqs                                                                     
24   2r9w  3uri  3ag9  2vkm  1eby  1g2k  4gid  3prs  1u1b  3pww  4cra  3bv9   
25   2qbp  3uri  4gid  3ag9  2vkm  3prs  1g2k  1lpg  3pww  3o9i  3bv9  4gr0   
26   3ag9  3uri  3prs  3ag9  3o9i  2vkm  4gid  1g2k  3pww  3wz8  1u1b  1eby   
27   4tmn                                                                     
28   3coy  3uri  3ag9  3prs  2vkm  4gid  3pww  1g2k  1eby  1u1b  4gr0  2qnq   
29   2fvd  3uri  3ag9  3bv9  1u1b  3prs  2vkm  4gid  3pww  3zso  3tsk  4w9l   
30   4ivc  3uri  3ag9  3prs  2vkm  3utu  4gid  3zso  1eby  3pww  3bv9  1u1b   
31   4jia  3uri  3ag9  3prs  1u1b  2vkm  3pww  3tsk  3utu  1eby  3bv9  1z6e   
32   1nvq  3uri  3ag9  1eby  2vkm  3pww  3prs  3bv9  3zso  1u1b  3tsk  4gid   
33   2zcq                                                                     
34   3utu  3uri  3zso  4gid  1eby  3o9i  3prs  3zsx  3ag9  4qd6  3pww  3tsk   
35   2p4y  3uri  3prs  2vkm  3ag9  4gid  1eby  4crc  3o9i  3pww  4qd6  1g2k   
36   3myg  3uri  3ag9  2vkm  1u1b  3zsx  3prs  4crc  4w9l  4gid  1lpg  1g2k   
37   1sqa  3uri  1eby  3zsx  1g2k  3ag9  2qnq  4gid  3prs  3o9i  4qd6  3wz8   
38   3dd0                                                                     
39   2yki  3uri  3ag9  3prs  4gid  2vkm  1eby  1u1b  3pww  2qbp  3zso  1g2k   
40   3g0w  3uri  3ag9  1u1b  3prs  1g2k  3pww  1eby  4gid  2vkm  3zso  3utu   
41   2al5  3uri  3ag9  3prs  1u1b  4gid  2vkm  3gnw  3bv9  1g2k  1eby  2qnq   
42   4de1  3ag9  3uri  1u1b  3prs  2vkm  4gid  3e93  2v7a  3pww  4ogj  3e5a   
43   3fv1  3uri  3ag9  3prs  1g2k  1eby  3bv9  4gid  2vkm  3o9i  2qnq  3pww   
44   2p15  3uri  3ag9  2vkm  3prs  3pww  4gid  1eby  1u1b  1g2k  3bv9  3gnw   
45   1mq6  1u1b  3ag9  4gr0  3tsk  3b1m  3utu  3uri  3nw9  3prs  4ty7  1mq6   
46   4f3c  4gid  3pww  3prs  1u1b  3zso  3o9i  2p4y  3uri  1eby  3ag9  2vkm   
47   1o3f  3ag9  3uri  3prs  3pww  1g2k  1u1b  4gid  3utu  1eby  3arq  3bv9   
48   2vw5  3uri  3ag9  3prs  3utu  3pww  4gid  1u1b  1eby  1g2k  3zso  3bv9   
49   3kr8                                                                     
50   2x00  3uri  3ag9  3prs  1eby  1u1b  2qnq  4gid  1g2k  3bv9  3pww  3tsk   
51   3zso  3uri  3ag9  3zsx  3o9i  2qnq  4crc  1g2k  2vkm  1eby  4cra  3prs   
52   2xb8  3uri  3ag9  2vkm  4gid  3prs  1u1b  2qnq  1eby  1g2k  3pww  3zso   
53   4w9h  3uri  2vkm  1u1b  4gid  3ag9  3pww  4agq  3bv9  4qd6  1eby  3utu   
54   3uex  3ag9  3prs  4gid  3uri  2vkm  1eby  1g2k  3utu  3gnw  4qd6  1u1b   
55   4gr0                                                                     
56   1u1b  3prs  2vkm  3ag9  3uri  4gid  4qd6  3pww  1u1b  3zso  3bv9  3wz8   

      12    13    14    15    16    17    18    19    20    21    22    23  \
1                                                                            
2   3wz8  3zso  4gr0  1u1b  3bv9  4qd6  1lpg  2xbv  2qbp  4crc  2p4y  3utu   
3   4gr0  3zsx  4qd6  1eby  1g2k  1u1b  3o9i  1mq6  2p4y  4rfm  3gnw  3arq   
4   4gid  1eby  4gr0  4x6p  4cra  1z6e  3pww  3oe4  2v7a  3zsx  3zso  3k5v   
5                                                                            
6   1g2k  4x6p  4qd6  3gnw  3tsk  3zso  4crc  2p4y  2qbp  3utu  4tmn  3zsx   
7   3pww  3wz8  4cra  4ty7  1u1b  2qbp  2qnq  4gr0  3o9i  4crc  4ogj  4x6p   
8   3o9i  2qnq  3utu  3bv9  3gnw  3tsk  3wz8  4qd6  4cra  3e5a  4x6p  4w9l   
9   3o9i  3zso  3utu  4crc  4x6p  4gr0  1lpg  4cra  1mq6  4ogj  3gnw  4ty7   
10  3tsk  3gnw  3pww  4tmn  2p4y  2qnq  4cig  1g2k  3nw9  4crc  4cra  2vkm   
11                                                                           
12  1sqa  4gr0  3tsk  3o9i  3bv9  3zso  3e93  1mq6  2qnq  3zsx  3pww  3oe4   
13  3prs  2r9w  4gr0  3pww  2x00  2wtv  3nw9  3utu  4x6p  1nvq  1eby  1oyt   
14  3o9i  1u1b  4gr0  2xbv  3zso  3utu  3e93  3gnw  3bv9  3wz8  4rfm  1h23   
15  3o9i  3tsk  3e93  3zso  4gr0  4x6p  3utu  3bv9  3wz8  4tmn  4cra  3gnw   
16  1u1b  3zso  2qnq  3bv9  4crc  1lpg  3zsx  4x6p  4tmn  3tsk  4gr0  4cig   
17  4crc  3zso  3o9i  2qnq  4gr0  1lpg  3utu  3gnw  4cra  3wz8  3nw9  4rfm   
18  3bv9  3pww  3zso  4qd6  3wz8  3uo4  3b68  3tsk  4ogj  2qbp  4cra  3zsx   
19  4gr0  3e93  3bv9  2qnq  1g2k  1lpg  4x6p  3tsk  2qbp  3gnw  4crc  4ty7   
20  1g2k  3gnw  4x6p  3wz8  3utu  1k1i  5tmn  3nw9  4eor  4ogj  3zsx  2xbv   
21                                                                           
22  1u1b  3bv9  4qd6  3wz8  3zso  4tmn  3gnw  2qbp  4crc  3zsx  4agq  1lpg   
23                                                                           
24  3utu  2xbv  4crc  3zso  4gr0  3tsk  4ogj  1lpg  1mq6  4tmn  4x6p  2qnq   
25  1eby  2qbp  2v7a  3tsk  3utu  1u1b  4crc  2xbv  3b1m  3nw9  3zsx  4qd6   
26  4gr0  2qnq  3tsk  4qd6  3zsx  4crc  3utu  3bv9  4x6p  3gnw  3e93  2p4y   
27                                                                           
28  3utu  3o9i  3zso  3bv9  4x6p  4crc  1lpg  3gnw  3tsk  3wz8  4rfm  3zsx   
29  1eby  3utu  1lpg  3nw9  3e93  1g2k  4crc  4ogj  2qnq  2qbp  2vw5  4qd6   
30  3o9i  1z6e  4cra  2qnq  3gnw  3nw9  4x6p  1g2k  4gr0  4cig  4qd6  3tsk   
31  3o9i  4gid  1g2k  4cra  4ogj  3zso  2v7a  4tmn  4rfm  3arq  3nw9  4agq   
32  1g2k  3utu  1lpg  4gr0  4crc  3o9i  2qnq  2qbp  4x6p  2p4y  3nw9  3b1m   
33                                                                           
34  2vkm  2qnq  2qbp  3bv9  3utu  4agq  4crc  3e93  4rfm  2qbr  3gnw  1mq6   
35  2qnq  3bv9  3zso  3wz8  3gnw  4cra  1u1b  1lpg  3nw9  4rfm  3tsk  4gr0   
36  1eby  2qnq  3arq  1z6e  2p4y  4rfm  2v7a  3zso  3fur  2qbp  3utu  3e93   
37  2vkm  3gnw  3bv9  4crc  1u1b  3e93  2p4y  4gr0  1lpg  5tmn  4cra  3tsk   
38                                                                           
39  3wz8  3tsk  3utu  4gr0  2p4y  1lpg  3bv9  2yki  3e93  3o9i  2qnq  4crc   
40  2qnq  3o9i  2p4y  3bv9  4cra  3gnw  4ty7  3tsk  4crc  4w9l  2qbp  1lpg   
41  3o9i  3utu  3zso  3pww  1lpg  3wz8  4gr0  3zsx  2qbp  4ty7  3tsk  4crc   
42  1lpg  4rfm  1eby  4jia  4tmn  3o9i  2qbp  1g2k  4crc  4qd6  1sqa  3zsx   
43  3gnw  1u1b  3zso  3b1m  1lpg  3zsx  3utu  4x6p  4gr0  3wz8  4tmn  2qbp   
44  3utu  2qnq  3o9i  1lpg  4crc  3zso  3tsk  4gr0  2qbp  4qd6  4ogj  4tmn   
45  4gid  5a7b  3arp  2vkm  3pww  3zso  4crc  1k1i  2xbv  3bv9  1eby  1z6e   
46  1g2k  3bv9  3arq  1mq6  4w9l  2yge  3gnw  4ty7  3b1m  3nw9  3zsx  2v7a   
47  1mq6  2vkm  4x6p  1sqa  2v7a  1lpg  3o9i  3nw9  3zso  4cig  3zsx  2p4y   
48  3gnw  2vkm  3o9i  3tsk  4crc  3ozs  2xbv  3e93  2qnq  1z6e  3nw9  3wz8   
49                                                                           
50  3utu  2vkm  3gnw  4qd6  3zso  1lpg  3o9i  4crc  3wz8  4x6p  4gr0  2xbv   
51  3zso  3wz8  2qbp  4gid  4tmn  4djv  3pww  3gnw  3arq  1lpg  3bv9  3myg   
52  3bv9  3o9i  4crc  3gnw  3utu  4x6p  4cra  3tsk  4w9l  1lpg  4ogj  1k1i   
53  1g2k  3prs  3e93  3tsk  1lpg  3wz8  3zso  3o9i  4gr0  4crc  4agp  3myg   
54  2qnq  3pww  3zso  3o9i  4x6p  4gr0  3tsk  4crc  1lpg  1z6e  3zsx  4tmn   
55                                                                           
56  3e93  4gr0  1eby  1g2k  3o9i  3tsk  4x6p  4agp  3gnw  2qbr  2qnq  2qbp   

      24    25    26    27    28    29  
1                                       
2   3zsx  4rfm  4tmn  4x6p  4ogj  4cra  
3   3zso  3e5a  3uo4  4tmn  3myg  2qbp  
4   3tsk  3arp  3nw9  1u1b  1k1i  3o9i  
5                                       
6   2xbv  2yge  3e93  3wz8  5a7b  1lpg  
7   2v7a  1lpg  3e93  2p4y  3arq  4rfm  
8   2yge  2p4y  4gr0  3zsx  3b1m  4cig  
9   4tmn  3arp  1z6e  3tsk  4cig  3nw9  
10  1z6e  5tmn  3zsx  4gr0  2qbr  3wz8  
11                                      
12  4rfm  4ogj  5a7b  2qbp  3oe5  1lpg  
13  1g2k  2yge  4e6q  3tsk  2vkm  1mq6  
14  4qd6  3tsk  3zsx  1z6e  4cra  1mq6  
15  2qnq  4qd6  3ozs  2p4y  2qbp  2yge  
16  4agq  4ogj  3wz8  3e93  4qd6  1k1i  
17  2qbp  3tsk  4x6p  4tmn  1mq6  2yge  
18  3gnw  3myg  3utu  4rfm  4x6p  2yge  
19  3wz8  4w9l  4rfm  3arq  3b1m  1h22  
20  3oe4  1lpg  3zso  4cig  3ozs  4gr0  
21                                      
22  4cra  2p4y  4gr0  4x6p  4ogj  3e93  
23                                      
24  3e5a  3o9i  3gnw  4qd6  4ty7  3wz8  
25  3zso  3oe4  4x6p  3arq  3ozs  4djv  
26  1lpg  3zso  4cra  2qbp  4tmn  3e5a  
27                                      
28  2v7a  2qbp  4qd6  3e93  4agp  3nw9  
29  2xbv  4w9i  4x6p  3zsx  4gr0  3o9i  
30  1lpg  3wz8  4crc  1k1i  1mq6  2p4y  
31  3zsx  3wz8  3ozs  1lpg  4qd6  4gr0  
32  1mq6  3arq  2x00  4cig  3gnw  4tmn  
33                                      
34  1g2k  4x6p  1lpg  1u1b  4cra  3b1m  
35  4ty7  2p4y  2qbp  3utu  3zsx  4tmn  
36  3o9i  1k1i  3uo4  1h23  2yki  4jia  
37  3pww  3b1m  5a7b  2brb  4x6p  3nw9  
38                                      
39  4ogj  4qd6  4x6p  3gnw  4twp  4tmn  
40  4qd6  4gr0  3arp  4cig  4tmn  3b1m  
41  4tmn  4djv  4cig  3b1m  4qd6  4x6p  
42  3b1m  4gr0  2xbv  3gnw  4ty7  2qnq  
43  3tsk  4ogj  4qd6  1z6e  2p4y  3nw9  
44  3wz8  4cra  4x6p  1h23  3zsx  1z6e  
45  4cra  1lpg  3o9i  3arq  2p4y  4w9i  
46  2qnq  4cig  2vw5  3uo4  4crc  3utu  
47  5a7b  3oe4  4gr0  2wca  3gnw  2xbv  
48  3uo4  4x6p  2p4y  2yge  1lpg  4ogj  
49                                      
50  2p4y  3e93  3zsx  1mq6  2qbp  4ty7  
51  1u1b  1k1i  4qd6  2p4y  3uo4  1h23  
52  2qbp  4gr0  4rfm  4qd6  3zsx  2p4y  
53  2qbp  2xbv  2p4y  4rfm  2v7a  3oe4  
54  3bv9  4cra  1k1i  2xbv  2x00  2qbp  
55                                      
56  3fur  4crc  3myg  2xbv  4tmn  2r9w  

Summary of the forward screening power: =========================================================
Average enrichment factor among top 1% = 1.43
Average enrichment factor among top 5% = 1.27
Average enrichment factor among top 10% = 1.16
The best ligand is found among top 1% candidates for  3 cluster(s); success rate = 5.4%
The best ligand is found among top 5% candidates for  7 cluster(s); success rate = 12.5%
The best ligand is found among top 10% candidates for 14 cluster(s); success rate = 25.0%
================================================================================================

Template command for running the bootstrap in R program=========================================

rm(list=ls());
require(boot);
data_all<-read.table("genscore_eval_Top1.results",header=TRUE);
data<-as.matrix(data_all[,2]);
mymean<-function(x,indices) sum(x[indices])/56;
data.boot<-boot(aa,mymean,R=10000,stype="i",sim="ordinary");
sink("genscore_eval_Top1-ci.results");
a<-boot.ci(data.boot,conf=0.9,type=c("bca"));
print(a);
sink();

===============================================================================================

