     code  logKa       score
1    3wz8   5.82   43.439321
2    3pww   7.32   63.913621
3    3prs   7.82   60.986717
4    3uri   9.00   61.610844
5    4m0y   6.46   49.450419
6    3qgy   7.80   50.230572
7    4qd6   8.64   38.327479
8    4rfm  10.05   52.442161
9    4cra   7.22   49.826123
10   4crc   8.72   49.679054
11   4ty7   9.52   54.665256
12   2c3i   7.60   33.349130
13   4k18   8.96   37.516081
14   3mss   4.66   20.669649
15   3k5v   6.30   33.291373
16   3pyy   6.86   37.919425
17   3u8k   8.66   71.066585
18   1a30   4.30   35.734502
19   2qnq   6.11   50.489600
20   1g2k   7.96   80.645058
21   3o9i  11.82  109.464479
22   4lzs   4.80   36.081792
23   3u5j   5.61   50.805923
24   4ogj   6.79   51.504606
25   2vvn   7.30   58.457635
26   3arq   6.40   27.815065
27   4ih5   4.11   28.536843
28   4eo8   8.15   39.776434
29   3gnw   9.10   56.035108
30   1gpk   5.37   43.647043
31   1gpn   6.48   56.279838
32   1h23   8.35   68.169767
33   1h22   9.10   83.972438
34   2cbv   5.48   41.224655
35   2j78   6.42   32.802925
36   2j7h   7.19   56.503859
37   2cet   8.02   58.209746
38   3rsx   4.41   22.266957
39   4djv   6.72   52.651940
40   2vkm   8.74   77.349370
41   4gid  10.77   94.944492
42   4jfs   5.27   32.048119
43   4j28   5.70   32.587146
44   2zb1   6.32   52.846089
45   3gv9   2.12   16.736620
46   4kz6   3.10   20.636445
47   4jxs   4.74   27.458684
48   1bzc   4.92   40.976515
49   4ddk   2.29   24.978395
50   4ddh   3.32   29.522930
51   3ivg   4.30   35.234636
52   3coz   5.57   47.462514
53   3coy   6.02   49.488295
54   2xnb   6.83   46.736594
55   1pxn   7.15   56.277029
56   2fvd   8.52   67.426653
57   2brb   4.86   42.922695
58   2br1   5.14   40.315151
59   3jvr   5.72   46.182751
60   3jvs   6.54   52.441574
61   1nvq   8.25   60.064133
62   3acw   4.76   36.013861
63   2zy1   7.40   38.638927
64   1bcu   3.28   26.388109
65   3bv9   5.36   44.363460
66   1oyt   7.24   56.137949
67   2zda   8.40   44.020252
68   3u9q   4.38   23.761762
69   3uo4   6.52   49.338875
70   3up2   7.40   50.475870
71   3myg  10.70   54.177585
72   3kgp   2.57   23.901410
73   1owh   7.40   38.558879
74   2xdl   3.10   26.249757
75   1yc1   6.17   38.611938
76   3rlr   7.52   49.148542
77   2yki   9.46   60.998209
78   1z95   7.12   57.857407
79   3b68   8.40   76.236646
80   3b5r   8.77   76.486234
81   3b65   9.27   72.963643
82   3g0w   9.52   83.802724
83   1syi   5.44   50.647824
84   1p1n   6.80   49.521071
85   2al5   8.40   49.392149
86   4dld   5.82   41.654657
87   3gbb   6.90   63.364478
88   2qe4   7.96   50.638057
89   2pog   9.54   42.175399
90   2p15  10.30   55.683496
91   2y5h   5.79   45.126652
92   1lpg   7.09   65.933692
93   2xbv   8.43   62.008961
94   1z6e   9.72   69.794818
95   1mq6  11.15   94.034069
96   4f2w  11.30   97.269982
97   4f3c  11.82   95.522941
98   1uto   2.27   18.758327
99   4abg   3.57   27.014698
100  3gy4   5.10   37.323696
101  1k1i   6.58   52.574122
102  1o3f   7.96   64.839334
103  2iwx   6.68   39.844587
104  2vw5   8.52   69.006081
105  3zt2   2.84   17.673207
106  3zsx   3.28   24.761758
107  3ueu   5.24   35.984770
108  3uew   6.31   50.528189
109  1w4o   5.22   22.614318

Summary of the scoring power: ===================================
The regression equation: logKa = 0.10 + 2.10 * Score
Number of favorable sample (N) = 109
Pearson correlation coefficient (R) = 0.822
Standard deviation in fitting (SD) = 1.25
=================================================================

Template command for running the bootstrap in R program==========

rm(list=ls());
require(boot);
data_all<-read.table("X-Score_processed_score",header=TRUE);
aa<-c(1:nrow(data_all));

mycore<-function(x,indices)
{
data_1<-matrix(NA,109,2);
for(i in 1:109);
    {
        data_1[i,1]=data_all[x[indices][i],2];
        data_1[i,2]=data_all[x[indices][i],3];
    }
        data_2<-data.frame(data_1);
        names(data_2)<-c("a","b");
        cor(data_2$a,data_2$b);
};

data.boot<-boot(aa,mycore,R=10000,stype="i",sim="ordinary");
sink("X-Score-ci.results");
a<-boot.ci(data.boot,conf=0.9,type=c("bca"));
print(a);
sink();

=================================================================
